<?xml version="1.0" encoding="UTF-8"?>
<testng-results ignored="0" total="1" passed="1" failed="0" skipped="0">
  <reporter-output>
  </reporter-output>
  <suite started-at="2023-10-11T20:46:19 IST" name="Default suite" finished-at="2023-10-11T20:46:29 IST" duration-ms="10197">
    <groups>
    </groups>
    <test started-at="2023-10-11T20:46:19 IST" name="Default test" finished-at="2023-10-11T20:46:29 IST" duration-ms="10197">
      <class name="Scripts.TestScript2">
        <test-method is-config="true" signature="open()[pri:0, instance:Scripts.TestScript2@942a29c]" started-at="2023-10-11T20:46:19 IST" name="open" finished-at="2023-10-11T20:46:24 IST" duration-ms="5381" status="PASS">
          <reporter-output>
          </reporter-output>
        </test-method> <!-- open -->
        <test-method signature="tc2()[pri:0, instance:Scripts.TestScript2@942a29c]" started-at="2023-10-11T20:46:24 IST" name="tc2" finished-at="2023-10-11T20:46:28 IST" duration-ms="4116" status="PASS">
          <reporter-output>
          </reporter-output>
        </test-method> <!-- tc2 -->
        <test-method is-config="true" signature="closeApp(org.testng.ITestResult)[pri:0, instance:Scripts.TestScript2@942a29c]" started-at="2023-10-11T20:46:28 IST" name="closeApp" finished-at="2023-10-11T20:46:29 IST" duration-ms="660" status="PASS">
          <params>
            <param index="0">
              <value>
                <![CDATA[[TestResult name=tc2 status=SUCCESS method=TestScript2.tc2()[pri:0, instance:Scripts.TestScript2@942a29c] output={null}]]]>
              </value>
            </param>
          </params>
          <reporter-output>
          </reporter-output>
        </test-method> <!-- closeApp -->
      </class> <!-- Scripts.TestScript2 -->
    </test> <!-- Default test -->
  </suite> <!-- Default suite -->
</testng-results>
